d:\icopy_stm32\app\visualgdb\debug\adc.o
d:\icopy_stm32\app\visualgdb\debug\app.o
d:\icopy_stm32\app\visualgdb\debug\aw87318.o
d:\icopy_stm32\app\visualgdb\debug\aw87319.o
d:\icopy_stm32\app\visualgdb\debug\bsptime.o
d:\icopy_stm32\app\visualgdb\debug\core_cm3.o
d:\icopy_stm32\app\visualgdb\debug\delay.o
d:\icopy_stm32\app\visualgdb\debug\dma.o
d:\icopy_stm32\app\visualgdb\debug\icopyx_bsp.o
d:\icopy_stm32\app\visualgdb\debug\icopyx_image.o
d:\icopy_stm32\app\visualgdb\debug\key.o
d:\icopy_stm32\app\visualgdb\debug\kombifs.o
d:\icopy_stm32\app\visualgdb\debug\misc.o
d:\icopy_stm32\app\visualgdb\debug\myiic.o
d:\icopy_stm32\app\visualgdb\debug\spi.o
d:\icopy_stm32\app\visualgdb\debug\st7789.o
d:\icopy_stm32\app\visualgdb\debug\st7789_init.o
d:\icopy_stm32\app\visualgdb\debug\startup_stm32f10x_md.o
d:\icopy_stm32\app\visualgdb\debug\stm32f10x_adc.o
d:\icopy_stm32\app\visualgdb\debug\stm32f10x_bkp.o
d:\icopy_stm32\app\visualgdb\debug\stm32f10x_dma.o
d:\icopy_stm32\app\visualgdb\debug\stm32f10x_exti.o
d:\icopy_stm32\app\visualgdb\debug\stm32f10x_flash.o
d:\icopy_stm32\app\visualgdb\debug\stm32f10x_gpio.o
d:\icopy_stm32\app\visualgdb\debug\stm32f10x_it.o
d:\icopy_stm32\app\visualgdb\debug\stm32f10x_pwr.o
d:\icopy_stm32\app\visualgdb\debug\stm32f10x_rcc.o
d:\icopy_stm32\app\visualgdb\debug\stm32f10x_spi.o
d:\icopy_stm32\app\visualgdb\debug\stm32f10x_tim.o
d:\icopy_stm32\app\visualgdb\debug\stm32f10x_usart.o
d:\icopy_stm32\app\visualgdb\debug\sys.o
d:\icopy_stm32\app\visualgdb\debug\system_stm32f10x.o
d:\icopy_stm32\app\visualgdb\debug\sys_command_line.o
d:\icopy_stm32\app\visualgdb\debug\sys_queue.o
d:\icopy_stm32\app\visualgdb\debug\timer.o
d:\icopy_stm32\app\visualgdb\debug\usart.o
d:\icopy_stm32\app\visualgdb\debug\w25qxx.o
d:\icopy_stm32\app\visualgdb\debug\adc.dep
d:\icopy_stm32\app\visualgdb\debug\app.dep
d:\icopy_stm32\app\visualgdb\debug\aw87318.dep
d:\icopy_stm32\app\visualgdb\debug\aw87319.dep
d:\icopy_stm32\app\visualgdb\debug\bsptime.dep
d:\icopy_stm32\app\visualgdb\debug\core_cm3.dep
d:\icopy_stm32\app\visualgdb\debug\delay.dep
d:\icopy_stm32\app\visualgdb\debug\dma.dep
d:\icopy_stm32\app\visualgdb\debug\icopyx_bsp.dep
d:\icopy_stm32\app\visualgdb\debug\icopyx_image.dep
d:\icopy_stm32\app\visualgdb\debug\key.dep
d:\icopy_stm32\app\visualgdb\debug\kombifs.dep
d:\icopy_stm32\app\visualgdb\debug\misc.dep
d:\icopy_stm32\app\visualgdb\debug\myiic.dep
d:\icopy_stm32\app\visualgdb\debug\spi.dep
d:\icopy_stm32\app\visualgdb\debug\st7789.dep
d:\icopy_stm32\app\visualgdb\debug\st7789_init.dep
d:\icopy_stm32\app\visualgdb\debug\startup_stm32f10x_md.dep
d:\icopy_stm32\app\visualgdb\debug\stm32f10x_adc.dep
d:\icopy_stm32\app\visualgdb\debug\stm32f10x_bkp.dep
d:\icopy_stm32\app\visualgdb\debug\stm32f10x_dma.dep
d:\icopy_stm32\app\visualgdb\debug\stm32f10x_exti.dep
d:\icopy_stm32\app\visualgdb\debug\stm32f10x_flash.dep
d:\icopy_stm32\app\visualgdb\debug\stm32f10x_gpio.dep
d:\icopy_stm32\app\visualgdb\debug\stm32f10x_it.dep
d:\icopy_stm32\app\visualgdb\debug\stm32f10x_pwr.dep
d:\icopy_stm32\app\visualgdb\debug\stm32f10x_rcc.dep
d:\icopy_stm32\app\visualgdb\debug\stm32f10x_spi.dep
d:\icopy_stm32\app\visualgdb\debug\stm32f10x_tim.dep
d:\icopy_stm32\app\visualgdb\debug\stm32f10x_usart.dep
d:\icopy_stm32\app\visualgdb\debug\sys.dep
d:\icopy_stm32\app\visualgdb\debug\system_stm32f10x.dep
d:\icopy_stm32\app\visualgdb\debug\sys_command_line.dep
d:\icopy_stm32\app\visualgdb\debug\sys_queue.dep
d:\icopy_stm32\app\visualgdb\debug\timer.dep
d:\icopy_stm32\app\visualgdb\debug\usart.dep
d:\icopy_stm32\app\visualgdb\debug\w25qxx.dep
d:\icopy_stm32\app\visualgdb\debug\qcfw.link.rsp
d:\icopy_stm32\app\visualgdb\debug\icopy_stm32_vs.bin
d:\icopy_stm32\app\visualgdb\debug\icpx_bl.bin
d:\icopy_stm32\app\visualgdb\debug\qcfw.bin
d:\icopy_stm32\app\visualgdb\debug\adc.e
d:\icopy_stm32\app\visualgdb\debug\app.e
d:\icopy_stm32\app\visualgdb\debug\aw87318.e
d:\icopy_stm32\app\visualgdb\debug\aw87319.e
d:\icopy_stm32\app\visualgdb\debug\bsptime.e
d:\icopy_stm32\app\visualgdb\debug\core_cm3.e
d:\icopy_stm32\app\visualgdb\debug\delay.e
d:\icopy_stm32\app\visualgdb\debug\dma.e
d:\icopy_stm32\app\visualgdb\debug\icopyx_bsp.e
d:\icopy_stm32\app\visualgdb\debug\icopyx_image.e
d:\icopy_stm32\app\visualgdb\debug\key.e
d:\icopy_stm32\app\visualgdb\debug\kombifs.e
d:\icopy_stm32\app\visualgdb\debug\misc.e
d:\icopy_stm32\app\visualgdb\debug\myiic.e
d:\icopy_stm32\app\visualgdb\debug\spi.e
d:\icopy_stm32\app\visualgdb\debug\st7789.e
d:\icopy_stm32\app\visualgdb\debug\st7789_init.e
d:\icopy_stm32\app\visualgdb\debug\stm32f10x_adc.e
d:\icopy_stm32\app\visualgdb\debug\stm32f10x_bkp.e
d:\icopy_stm32\app\visualgdb\debug\stm32f10x_dma.e
d:\icopy_stm32\app\visualgdb\debug\stm32f10x_exti.e
d:\icopy_stm32\app\visualgdb\debug\stm32f10x_flash.e
d:\icopy_stm32\app\visualgdb\debug\stm32f10x_gpio.e
d:\icopy_stm32\app\visualgdb\debug\stm32f10x_it.e
d:\icopy_stm32\app\visualgdb\debug\stm32f10x_pwr.e
d:\icopy_stm32\app\visualgdb\debug\stm32f10x_rcc.e
d:\icopy_stm32\app\visualgdb\debug\stm32f10x_spi.e
d:\icopy_stm32\app\visualgdb\debug\stm32f10x_tim.e
d:\icopy_stm32\app\visualgdb\debug\stm32f10x_usart.e
d:\icopy_stm32\app\visualgdb\debug\sys.e
d:\icopy_stm32\app\visualgdb\debug\system_stm32f10x.e
d:\icopy_stm32\app\visualgdb\debug\sys_command_line.e
d:\icopy_stm32\app\visualgdb\debug\sys_queue.e
d:\icopy_stm32\app\visualgdb\debug\timer.e
d:\icopy_stm32\app\visualgdb\debug\usart.e
d:\icopy_stm32\app\visualgdb\debug\w25qxx.e
d:\icopy_stm32\app\visualgdb\debug\icopy_stm32_vs.alldeps
d:\icopy_stm32\app\visualgdb\debug\qcfw
d:\icopy_stm32\qcfw\visualgdb\debug\adc.o
d:\icopy_stm32\qcfw\visualgdb\debug\aw87318.o
d:\icopy_stm32\qcfw\visualgdb\debug\aw87319.o
d:\icopy_stm32\qcfw\visualgdb\debug\bsptime.o
d:\icopy_stm32\qcfw\visualgdb\debug\core_cm3.o
d:\icopy_stm32\qcfw\visualgdb\debug\delay.o
d:\icopy_stm32\qcfw\visualgdb\debug\dma.o
d:\icopy_stm32\qcfw\visualgdb\debug\icopyx_bsp.o
d:\icopy_stm32\qcfw\visualgdb\debug\icopyx_image.o
d:\icopy_stm32\qcfw\visualgdb\debug\key.o
d:\icopy_stm32\qcfw\visualgdb\debug\kombifs.o
d:\icopy_stm32\qcfw\visualgdb\debug\misc.o
d:\icopy_stm32\qcfw\visualgdb\debug\myiic.o
d:\icopy_stm32\qcfw\visualgdb\debug\qcfw.o
d:\icopy_stm32\qcfw\visualgdb\debug\spi.o
d:\icopy_stm32\qcfw\visualgdb\debug\st7789.o
d:\icopy_stm32\qcfw\visualgdb\debug\st7789_init.o
d:\icopy_stm32\qcfw\visualgdb\debug\startup_stm32f10x_md.o
d:\icopy_stm32\qcfw\visualgdb\debug\stm32f10x_adc.o
d:\icopy_stm32\qcfw\visualgdb\debug\stm32f10x_bkp.o
d:\icopy_stm32\qcfw\visualgdb\debug\stm32f10x_dma.o
d:\icopy_stm32\qcfw\visualgdb\debug\stm32f10x_exti.o
d:\icopy_stm32\qcfw\visualgdb\debug\stm32f10x_flash.o
d:\icopy_stm32\qcfw\visualgdb\debug\stm32f10x_gpio.o
d:\icopy_stm32\qcfw\visualgdb\debug\stm32f10x_it.o
d:\icopy_stm32\qcfw\visualgdb\debug\stm32f10x_pwr.o
d:\icopy_stm32\qcfw\visualgdb\debug\stm32f10x_rcc.o
d:\icopy_stm32\qcfw\visualgdb\debug\stm32f10x_spi.o
d:\icopy_stm32\qcfw\visualgdb\debug\stm32f10x_tim.o
d:\icopy_stm32\qcfw\visualgdb\debug\stm32f10x_usart.o
d:\icopy_stm32\qcfw\visualgdb\debug\sys.o
d:\icopy_stm32\qcfw\visualgdb\debug\system_stm32f10x.o
d:\icopy_stm32\qcfw\visualgdb\debug\sys_command_line_test.o
d:\icopy_stm32\qcfw\visualgdb\debug\sys_queue.o
d:\icopy_stm32\qcfw\visualgdb\debug\timer.o
d:\icopy_stm32\qcfw\visualgdb\debug\usart.o
d:\icopy_stm32\qcfw\visualgdb\debug\w25qxx.o
d:\icopy_stm32\qcfw\visualgdb\debug\adc.dep
d:\icopy_stm32\qcfw\visualgdb\debug\aw87318.dep
d:\icopy_stm32\qcfw\visualgdb\debug\aw87319.dep
d:\icopy_stm32\qcfw\visualgdb\debug\bsptime.dep
d:\icopy_stm32\qcfw\visualgdb\debug\core_cm3.dep
d:\icopy_stm32\qcfw\visualgdb\debug\delay.dep
d:\icopy_stm32\qcfw\visualgdb\debug\dma.dep
d:\icopy_stm32\qcfw\visualgdb\debug\icopyx_bsp.dep
d:\icopy_stm32\qcfw\visualgdb\debug\icopyx_image.dep
d:\icopy_stm32\qcfw\visualgdb\debug\key.dep
d:\icopy_stm32\qcfw\visualgdb\debug\kombifs.dep
d:\icopy_stm32\qcfw\visualgdb\debug\misc.dep
d:\icopy_stm32\qcfw\visualgdb\debug\myiic.dep
d:\icopy_stm32\qcfw\visualgdb\debug\qcfw.dep
d:\icopy_stm32\qcfw\visualgdb\debug\spi.dep
d:\icopy_stm32\qcfw\visualgdb\debug\st7789.dep
d:\icopy_stm32\qcfw\visualgdb\debug\st7789_init.dep
d:\icopy_stm32\qcfw\visualgdb\debug\startup_stm32f10x_md.dep
d:\icopy_stm32\qcfw\visualgdb\debug\stm32f10x_adc.dep
d:\icopy_stm32\qcfw\visualgdb\debug\stm32f10x_bkp.dep
d:\icopy_stm32\qcfw\visualgdb\debug\stm32f10x_dma.dep
d:\icopy_stm32\qcfw\visualgdb\debug\stm32f10x_exti.dep
d:\icopy_stm32\qcfw\visualgdb\debug\stm32f10x_flash.dep
d:\icopy_stm32\qcfw\visualgdb\debug\stm32f10x_gpio.dep
d:\icopy_stm32\qcfw\visualgdb\debug\stm32f10x_it.dep
d:\icopy_stm32\qcfw\visualgdb\debug\stm32f10x_pwr.dep
d:\icopy_stm32\qcfw\visualgdb\debug\stm32f10x_rcc.dep
d:\icopy_stm32\qcfw\visualgdb\debug\stm32f10x_spi.dep
d:\icopy_stm32\qcfw\visualgdb\debug\stm32f10x_tim.dep
d:\icopy_stm32\qcfw\visualgdb\debug\stm32f10x_usart.dep
d:\icopy_stm32\qcfw\visualgdb\debug\sys.dep
d:\icopy_stm32\qcfw\visualgdb\debug\system_stm32f10x.dep
d:\icopy_stm32\qcfw\visualgdb\debug\sys_command_line_test.dep
d:\icopy_stm32\qcfw\visualgdb\debug\sys_queue.dep
d:\icopy_stm32\qcfw\visualgdb\debug\timer.dep
d:\icopy_stm32\qcfw\visualgdb\debug\usart.dep
d:\icopy_stm32\qcfw\visualgdb\debug\w25qxx.dep
d:\icopy_stm32\qcfw\visualgdb\debug\adc.gcc.rsp
d:\icopy_stm32\qcfw\visualgdb\debug\aw87318.gcc.rsp
d:\icopy_stm32\qcfw\visualgdb\debug\aw87319.gcc.rsp
d:\icopy_stm32\qcfw\visualgdb\debug\bsptime.gcc.rsp
d:\icopy_stm32\qcfw\visualgdb\debug\core_cm3.gcc.rsp
d:\icopy_stm32\qcfw\visualgdb\debug\delay.gcc.rsp
d:\icopy_stm32\qcfw\visualgdb\debug\dma.gcc.rsp
d:\icopy_stm32\qcfw\visualgdb\debug\icopyx_bsp.gcc.rsp
d:\icopy_stm32\qcfw\visualgdb\debug\icopyx_image.gcc.rsp
d:\icopy_stm32\qcfw\visualgdb\debug\key.gcc.rsp
d:\icopy_stm32\qcfw\visualgdb\debug\kombifs.gcc.rsp
d:\icopy_stm32\qcfw\visualgdb\debug\misc.gcc.rsp
d:\icopy_stm32\qcfw\visualgdb\debug\myiic.gcc.rsp
d:\icopy_stm32\qcfw\visualgdb\debug\qcfw.gcc.rsp
d:\icopy_stm32\qcfw\visualgdb\debug\spi.gcc.rsp
d:\icopy_stm32\qcfw\visualgdb\debug\st7789.gcc.rsp
d:\icopy_stm32\qcfw\visualgdb\debug\st7789_init.gcc.rsp
d:\icopy_stm32\qcfw\visualgdb\debug\startup_stm32f10x_md.gcc.rsp
d:\icopy_stm32\qcfw\visualgdb\debug\stm32f10x_adc.gcc.rsp
d:\icopy_stm32\qcfw\visualgdb\debug\stm32f10x_bkp.gcc.rsp
d:\icopy_stm32\qcfw\visualgdb\debug\stm32f10x_dma.gcc.rsp
d:\icopy_stm32\qcfw\visualgdb\debug\stm32f10x_exti.gcc.rsp
d:\icopy_stm32\qcfw\visualgdb\debug\stm32f10x_flash.gcc.rsp
d:\icopy_stm32\qcfw\visualgdb\debug\stm32f10x_gpio.gcc.rsp
d:\icopy_stm32\qcfw\visualgdb\debug\stm32f10x_it.gcc.rsp
d:\icopy_stm32\qcfw\visualgdb\debug\stm32f10x_pwr.gcc.rsp
d:\icopy_stm32\qcfw\visualgdb\debug\stm32f10x_rcc.gcc.rsp
d:\icopy_stm32\qcfw\visualgdb\debug\stm32f10x_spi.gcc.rsp
d:\icopy_stm32\qcfw\visualgdb\debug\stm32f10x_tim.gcc.rsp
d:\icopy_stm32\qcfw\visualgdb\debug\stm32f10x_usart.gcc.rsp
d:\icopy_stm32\qcfw\visualgdb\debug\sys.gcc.rsp
d:\icopy_stm32\qcfw\visualgdb\debug\system_stm32f10x.gcc.rsp
d:\icopy_stm32\qcfw\visualgdb\debug\sys_command_line_test.gcc.rsp
d:\icopy_stm32\qcfw\visualgdb\debug\sys_queue.gcc.rsp
d:\icopy_stm32\qcfw\visualgdb\debug\timer.gcc.rsp
d:\icopy_stm32\qcfw\visualgdb\debug\usart.gcc.rsp
d:\icopy_stm32\qcfw\visualgdb\debug\w25qxx.gcc.rsp
d:\icopy_stm32\qcfw\visualgdb\debug\qcfw.alldeps
